<?xml version="1.0" encoding="UTF-8"?>
<!-- Generated by org.testng.reporters.JUnitReportReporter -->
<testsuite hostname="DESKTOP-FRQ0CFQ" name="com.wbl.test.TalentScreenTest" tests="2" failures="0" timestamp="4 Jan 2018 22:35:00 GMT" time="1.094" errors="0">
  <testcase name="postTest" time="0.235" classname="com.wbl.test.TalentScreenTest"/>
  <testcase name="getTest" time="0.859" classname="com.wbl.test.TalentScreenTest"/>
</testsuite> <!-- com.wbl.test.TalentScreenTest -->
