<?xml version="1.0" encoding="UTF-8"?>
<!-- Generated by org.testng.reporters.JUnitReportReporter -->
<testsuite hostname="DESKTOP-FRQ0CFQ" name="com.wbl.test.WeatherApiTest" tests="1" failures="0" timestamp="5 Jan 2018 06:27:23 GMT" time="2.972" errors="0">
  <testcase name="getTest" time="2.972" classname="com.wbl.test.WeatherApiTest"/>
</testsuite> <!-- com.wbl.test.WeatherApiTest -->
